<?xml version="1.0" encoding="UTF-8"?>
<!-- Generated by org.testng.reporters.JUnitReportReporter -->
<testsuite hostname="DESKTOP-I87U9OT" failures="0" tests="1" name="pkg1.TestNG_pgm1" time="0.006" errors="0" timestamp="2024-01-01T21:40:31 IST" skipped="0">
  <testcase classname="pkg1.TestNG_pgm1" name="test" time="0.006"/>
</testsuite> <!-- pkg1.TestNG_pgm1 -->
